2024-11-22 02:46:38,059 - INFO - 檔案 196 Bar_translated.csv 已存在，跳過處理。
2024-11-22 02:46:38,059 - INFO - 檔案 A Glass or Two_translated.csv 已存在，跳過處理。
2024-11-22 02:46:38,060 - INFO - 檔案 A Light_translated.csv 已存在，跳過處理。
2024-11-22 02:46:38,060 - INFO - 檔案 ABV Bar & Kitchen 加勒比海餐酒館 台北忠孝店 大安區美食 大安區餐酒館 異國料理烤肉｜中南美洲菜｜聚餐宵夜包場｜精釀啤酒餐廳_translated.csv 已存在，跳過處理。
2024-11-22 02:46:38,061 - INFO - 檔案 Alchemy Bar Taipei_translated.csv 已存在，跳過處理。
2024-11-22 02:46:38,075 - WARNING - 文件 all_stores.csv 中沒有 '評論' 列，已跳過。
2024-11-22 02:46:38,075 - INFO - 檔案 attic trade company_translated.csv 已存在，跳過處理。
2024-11-22 02:46:38,075 - INFO - 檔案 Bar Crouch & Hide 臥藏_translated.csv 已存在，跳過處理。
2024-11-22 02:46:38,076 - INFO - 檔案 Bar Digout_translated.csv 已存在，跳過處理。
2024-11-22 02:46:38,076 - INFO - 檔案 Bar Edge_translated.csv 已存在，跳過處理。
2024-11-22 02:46:38,076 - INFO - 檔案 BAR HINOKI_translated.csv 已存在，跳過處理。
2024-11-22 02:46:38,077 - INFO - 檔案 Bar Root by -1_translated.csv 已存在，跳過處理。
2024-11-22 02:46:38,077 - INFO - 檔案 Bar Weekend_translated.csv 已存在，跳過處理。
2024-11-22 02:46:38,078 - INFO - 檔案 Bar 浮_translated.csv 已存在，跳過處理。
2024-11-22 02:46:38,078 - INFO - 檔案 BAR24_translated.csv 已存在，跳過處理。
2024-11-22 02:46:38,079 - INFO - 檔案 Barcode_translated.csv 已存在，跳過處理。
2024-11-22 02:46:38,079 - INFO - 檔案 Bibber Dessert Bar · 酒徒的點心店 by Vivid Hermit Saloon Co., Ltd_translated.csv 已存在，跳過處理。
2024-11-22 02:46:38,079 - INFO - 檔案 BLAH BLAH Bar_translated.csv 已存在，跳過處理。
2024-11-22 02:46:38,079 - INFO - 檔案 Buns Cafe_translated.csv 已存在，跳過處理。
2024-11-22 02:46:38,079 - INFO - 檔案 Charlie's Sports Bar Taipei_translated.csv 已存在，跳過處理。
2024-11-22 02:46:38,079 - INFO - 檔案 CHICKEN BAR _ TAIPEI_translated.csv 已存在，跳過處理。
2024-11-22 02:46:38,080 - INFO - 檔案 Church Taipei_translated.csv 已存在，跳過處理。
2024-11-22 02:46:38,080 - INFO - 檔案 Ch\xf4n Bar_translated.csv 已存在，跳過處理。
2024-11-22 02:46:38,080 - INFO - 檔案 Circle Gallery Bar 藝廊酒吧_translated.csv 已存在，跳過處理。
2024-11-22 02:46:38,080 - INFO - 檔案 Club Myst_translated.csv 已存在，跳過處理。
2024-11-22 02:46:38,081 - INFO - 檔案 Crowd Night _ 台北酒吧 _ 信義區酒吧 _ 台北talkin bar _ 信義區talking bar _ 台北餐酒館 _ 信義區餐酒館_translated.csv 已存在，跳過處理。
2024-11-22 02:46:38,081 - INFO - 檔案 C\xc9 LA VI 台北_translated.csv 已存在，跳過處理。
2024-11-22 02:46:38,081 - INFO - 檔案 Draft Land XinYi_translated.csv 已存在，跳過處理。
2024-11-22 02:46:38,082 - INFO - 檔案 Drunk Play 爛醉不累_translated.csv 已存在，跳過處理。
2024-11-22 02:46:38,082 - INFO - 檔案 ENI.放感情信義ATT店_translated.csv 已存在，跳過處理。
2024-11-22 02:46:38,082 - INFO - 檔案 Escape Bar｜台北酒吧｜信義區酒吧｜台北餐酒館｜信義區餐酒館｜台北信義區B_translated.csv 已存在，跳過處理。
2024-11-22 02:46:38,082 - INFO - 檔案 Fake Sober Taipei_translated.csv 已存在，跳過處理。
2024-11-22 02:46:38,083 - INFO - 檔案 Fancy Hip Tiger Bar (Outside)_translated.csv 已存在，跳過處理。
2024-11-22 02:46:38,083 - INFO - 檔案 Find Alley_translated.csv 已存在，跳過處理。
2024-11-22 02:46:38,083 - INFO - 檔案 Flare Taipei_translated.csv 已存在，跳過處理。
2024-11-22 02:46:38,083 - INFO - 檔案 FRANK Taipei_translated.csv 已存在，跳過處理。
2024-11-22 02:46:38,083 - INFO - 檔案 Frontline Bar & Restaurant_translated.csv 已存在，跳過處理。
2024-11-22 02:46:38,084 - INFO - 檔案 GREY ME 瑰秘。茶酒.信義區餐酒館.晚餐宵夜美食.特色浮誇調酒.聚餐包場.投影餐廳.信義區餐廳推薦.大安區餐廳推薦_translated.csv 已存在，跳過處理。
2024-11-22 02:46:38,084 - INFO - 檔案 GUM GUM雞翅啤酒吧_translated.csv 已存在，跳過處理。
2024-11-22 02:46:38,084 - INFO - 檔案 G\u016aL\u016a GURU 信義_translated.csv 已存在，跳過處理。
2024-11-22 02:46:38,084 - INFO - 檔案 G\u016aL\u016a GURU_translated.csv 已存在，跳過處理。
2024-11-22 02:46:38,084 - INFO - 檔案 IKON Taipei_translated.csv 已存在，跳過處理。
2024-11-22 02:46:38,084 - INFO - 檔案 IMAGE INHOUSE_translated.csv 已存在，跳過處理。
2024-11-22 02:46:38,084 - INFO - 檔案 Kalopsia_translated.csv 已存在，跳過處理。
2024-11-22 02:46:38,085 - INFO - 檔案 KOR Taipei_translated.csv 已存在，跳過處理。
2024-11-22 02:46:38,085 - INFO - 檔案 Les Muses Wine House_translated.csv 已存在，跳過處理。
2024-11-22 02:46:38,085 - INFO - 檔案 Luana Wine Cafe_translated.csv 已存在，跳過處理。
2024-11-22 02:46:38,085 - INFO - 檔案 MADE Paris _東區酒吧_美食酒吧_台北熱門酒吧_特色酒吧_餐酒館_translated.csv 已存在，跳過處理。
2024-11-22 02:46:38,085 - INFO - 檔案 MQ - Marquee Taipei_translated.csv 已存在，跳過處理。
2024-11-22 02:46:38,086 - INFO - 檔案 MUIM Taipei 放感情｜ 大安餐酒館推薦 人氣DJ酒吧 網美餐廳 酒吧 活動派對 生日包場 企業包場餐酒館_translated.csv 已存在，跳過處理。
2024-11-22 02:46:38,086 - INFO - 檔案 ND.Official Nadarrach_translated.csv 已存在，跳過處理。
2024-11-22 02:46:38,087 - INFO - 檔案 Needle Bar_translated.csv 已存在，跳過處理。
2024-11-22 02:46:38,087 - INFO - 檔案 NIHONSHU Sake Space台北清酒吧_translated.csv 已存在，跳過處理。
2024-11-22 02:46:38,087 - INFO - 檔案 OFF GRID SHISHA _ CAFE & BAR _ TAIPEI_translated.csv 已存在，跳過處理。
2024-11-22 02:46:38,088 - INFO - 檔案 ONCE Cafe&Bar 無心戒酒互助會-西寧分會_translated.csv 已存在，跳過處理。
2024-11-22 02:46:38,088 - INFO - 檔案 ONCOR 響艷都市會所 信義店_translated.csv 已存在，跳過處理。
2024-11-22 02:46:38,089 - INFO - 檔案 Opium Champagne Bar_translated.csv 已存在，跳過處理。
2024-11-22 02:46:38,089 - INFO - 檔案 Otherside Taipei 另一邊_translated.csv 已存在，跳過處理。
2024-11-22 02:46:38,089 - INFO - 檔案 Ounce_translated.csv 已存在，跳過處理。
2024-11-22 02:46:38,090 - INFO - 檔案 OXI Oyster & Wine Live House_translated.csv 已存在，跳過處理。
2024-11-22 02:46:38,090 - INFO - 檔案 PLAYING Hookah_translated.csv 已存在，跳過處理。
2024-11-22 02:46:38,090 - INFO - 檔案 Posino Taipei_translated.csv 已存在，跳過處理。
2024-11-22 02:46:38,090 - INFO - 檔案 PUN_translated.csv 已存在，跳過處理。
2024-11-22 02:46:38,091 - INFO - 檔案 Rainma Caf\xe9 Bistro_復古老宅餐酒館_translated.csv 已存在，跳過處理。
2024-11-22 02:46:38,091 - INFO - 檔案 Range Bistrokaya鐵板廚房餐廳_translated.csv 已存在，跳過處理。
2024-11-22 02:46:38,091 - INFO - 檔案 Reset Shisha Lounge_translated.csv 已存在，跳過處理。
2024-11-22 02:46:38,092 - INFO - 檔案 Sandalwood Taipei_translated.csv 已存在，跳過處理。
2024-11-22 02:46:38,092 - INFO - 檔案 SEA TO SKY - Seafood&Bar_translated.csv 已存在，跳過處理。
2024-11-22 02:46:38,092 - INFO - 檔案 Shisha屋Matchill_translated.csv 已存在，跳過處理。
2024-11-22 02:46:38,093 - INFO - 檔案 Sidebar_translated.csv 已存在，跳過處理。
2024-11-22 02:46:38,093 - INFO - 檔案 Sleep No More_translated.csv 已存在，跳過處理。
2024-11-22 02:46:38,093 - INFO - 檔案 SunDay酉日咖啡吧_translated.csv 已存在，跳過處理。
2024-11-22 02:46:38,093 - INFO - 檔案 Taipei Club 台北夜店_translated.csv 已存在，跳過處理。
2024-11-22 02:46:38,094 - INFO - 檔案 tei by OBOND_translated.csv 已存在，跳過處理。
2024-11-22 02:46:38,094 - INFO - 檔案 The Bed Xinyi Shisha Bar & Live House_translated.csv 已存在，跳過處理。
2024-11-22 02:46:38,094 - INFO - 檔案 The Public House_translated.csv 已存在，跳過處理。
2024-11-22 02:46:38,095 - INFO - 檔案 Tickle my fantasy_translated.csv 已存在，跳過處理。
2024-11-22 02:46:38,095 - INFO - 檔案 TIPSY Sparrow_translated.csv 已存在，跳過處理。
2024-11-22 02:46:38,095 - INFO - 檔案 Twilight 餐酒館｜大安區酒吧｜信義安和酒吧｜_translated.csv 已存在，跳過處理。
2024-11-22 02:46:38,095 - INFO - 檔案 Under Construction Cafe & Bar 施工中咖啡吧_translated.csv 已存在，跳過處理。
2024-11-22 02:46:38,096 - INFO - 檔案 unDer lab_translated.csv 已存在，跳過處理。
2024-11-22 02:46:38,096 - INFO - 檔案 UNO Taipei _ \U0001f1f2\U0001f1fdMezcal梅茲卡Bar_translated.csv 已存在，跳過處理。
2024-11-22 02:46:38,096 - INFO - 檔案 W Taipei WET 池畔酒吧_translated.csv 已存在，跳過處理。
2024-11-22 02:46:38,096 - INFO - 檔案 WAT_translated.csv 已存在，跳過處理。
2024-11-22 02:46:38,097 - INFO - 檔案 WOOBAR_translated.csv 已存在，跳過處理。
2024-11-22 02:46:38,097 - INFO - 檔案 WTNC_translated.csv 已存在，跳過處理。
2024-11-22 02:46:38,097 - INFO - 檔案 XD－Bar_translated.csv 已存在，跳過處理。
2024-11-22 02:46:38,098 - INFO - 檔案 YEN Bar 紫艷酒吧_translated.csv 已存在，跳過處理。
2024-11-22 02:46:38,098 - INFO - 檔案 丘香Sake bar_translated.csv 已存在，跳過處理。
2024-11-22 02:46:38,099 - INFO - 檔案 交易吧 Just Exchange Bar_translated.csv 已存在，跳過處理。
2024-11-22 02:46:38,099 - INFO - 檔案 佐吧_translated.csv 已存在，跳過處理。
2024-11-22 02:46:38,099 - INFO - 檔案 來吧台北日式餐酒館-酒吧調酒暢飲 taipeibar 約會餐廳 必訪信義區酒吧 PTT Dcard 台北酒吧 台北餐酒館 taipeifood 國父紀念館酒吧 國父紀念館餐酒館 大安酒吧 信義區餐酒館 信義區暢飲_translated.csv 已存在，跳過處理。
2024-11-22 02:46:38,099 - INFO - 檔案 冒險者公會 The A.G's Bar_translated.csv 已存在，跳過處理。
2024-11-22 02:46:38,100 - INFO - 檔案 午后 Afternoon Delight_translated.csv 已存在，跳過處理。
2024-11-22 02:46:38,100 - INFO - 檔案 去憂餐酒館 Chill Bistro & Bar_translated.csv 已存在，跳過處理。
2024-11-22 02:46:38,100 - INFO - 檔案 \u53cc喜 Ci\xe9 Ci\xe9 Taipei 喜喜吧_translated.csv 已存在，跳過處理。
2024-11-22 02:46:38,100 - INFO - 檔案 台北艾麗酒店 大廳酒吧_translated.csv 已存在，跳過處理。
2024-11-22 02:46:38,100 - INFO - 檔案 吉比鮮釀餐廳 台北信義店 GBA Brewery Restaurant - Taipei Hsinyi Store_translated.csv 已存在，跳過處理。
2024-11-22 02:46:38,100 - INFO - 檔案 啜飲室_translated.csv 已存在，跳過處理。
2024-11-22 02:46:38,101 - INFO - 檔案 如夢 ｜嘻哈酒吧｜KTV吧檯｜小米酒調酒_translated.csv 已存在，跳過處理。
2024-11-22 02:46:38,101 - INFO - 檔案 安慰劑 Placebo Taipei_translated.csv 已存在，跳過處理。
2024-11-22 02:46:38,101 - INFO - 檔案 小後苑Backyard Jr. (信義Xinyi)_translated.csv 已存在，跳過處理。
2024-11-22 02:46:38,101 - INFO - 檔案 小酩Sake Bar_translated.csv 已存在，跳過處理。
2024-11-22 02:46:38,102 - INFO - 檔案 微型精釀啤酒吧Beer Geek_translated.csv 已存在，跳過處理。
2024-11-22 02:46:38,102 - INFO - 檔案 掌門精釀啤酒Tap Bistro Zhangmen - 微風松高店_translated.csv 已存在，跳過處理。
2024-11-22 02:46:38,102 - INFO - 檔案 晃 Akira_translated.csv 已存在，跳過處理。
2024-11-22 02:46:38,102 - INFO - 檔案 桃源二村｜ 台北大安 六張犁餐酒館 調酒BAR 人氣美食 牛肉麵雞湯 嘻哈 音樂酒吧 特色酒吧推薦 寵物友善_translated.csv 已存在，跳過處理。
2024-11-22 02:46:38,102 - INFO - 檔案 榕 RON Xinyi_translated.csv 已存在，跳過處理。
2024-11-22 02:46:38,102 - INFO - 檔案 海灘叢林 A Beach_translated.csv 已存在，跳過處理。
2024-11-22 02:46:38,102 - INFO - 檔案 渣男 Taiwan Bistro 信義一渣_translated.csv 已存在，跳過處理。
2024-11-22 02:46:38,102 - INFO - 檔案 \u6fea Ｍizuiro Sake Bar_translated.csv 已存在，跳過處理。
2024-11-22 02:46:38,103 - INFO - 檔案 無向 Bar Without Anhe_translated.csv 已存在，跳過處理。
2024-11-22 02:46:38,103 - INFO - 檔案 琥珀蜂巢_translated.csv 已存在，跳過處理。
2024-11-22 02:46:38,103 - INFO - 檔案 綠洲信義 The Oasis Tavern Xinyi_translated.csv 已存在，跳過處理。
2024-11-22 02:46:38,103 - INFO - 檔案 綺夢 Lounge Bar_translated.csv 已存在，跳過處理。
2024-11-22 02:46:38,104 - INFO - 檔案 羊吧 Sheep Bar（入內請按黑色電鈴）_translated.csv 已存在，跳過處理。
2024-11-22 02:46:38,104 - INFO - 檔案 肴合清酒 Signature Bar （時間如有更動，以FB粉專、IG公告為主，16∼18為預約制）_translated.csv 已存在，跳過處理。
2024-11-22 02:46:38,104 - INFO - 檔案 討酒吧 Tao jiu bar (松菸設計點店)_translated.csv 已存在，跳過處理。
2024-11-22 02:46:38,104 - INFO - 檔案 週末炸雞俱樂部 WEEKEND CHICKEN & BAR _ 台北_translated.csv 已存在，跳過處理。
2024-11-22 02:46:38,104 - INFO - 檔案 酒樂CAFE_translated.csv 已存在，跳過處理。
2024-11-22 02:46:38,105 - INFO - 檔案 隱世餐酒館(台北永春店)_translated.csv 已存在，跳過處理。
2024-11-22 02:46:38,105 - INFO - 檔案 隱城•小城外Hidden City_translated.csv 已存在，跳過處理。
